#!/bin/bash
#Subtask 4.9.13
echo "============"
echo "Task 4.9.13"
echo "Download with wget to sdout, process stdin with lynx"
echo
wget -qO- ua.fm | lynx -stdin -dump
============
Task 4.9.13
Download with wget to sdout, process stdin with lynx

   [1]i.ua
   ua.fm
     __________________________________________________________________

                          [2]Вход в почту

   [3]Почта [4]Программы [5]Каталог [6]Закладки [7]Погода [8]Гороскоп
   [9]Телепрограмма [10]Курсы валют [11]Переводчик [12]Народ [13]Приколы
   [14]Знакомства [15]Фотоальбомы [16]Блоги [17]Видео [18]Карты [19]Кино
   [20]Файлы [21]Рецепты [22]Музыка [23]Радио

   Уважаемые пользователи!

   Мы рады сообщить о слиянии почтовой системы Ua.fm с порталом www.i.ua

   Теперь вход в ваш почтовый ящик необходимо осуществлять с сайта
   www.i.ua, для этого, как и ранее, используйте свой логин и пароль при
   авторизации на указанном сайте. Ваш email адрес остается неизменным, на
   него будут приходить все письма, и вы без проблем сможете писать с
   этого email адреса.

   Ваш почтовый ящик стал более удобным и функциональным, в нем будет
   больше возможностей, чем в старом почтовом интерфейсе.

   Для получения корреспонденции в вашем почтовом клиенте используйте
   прежний POP3 сервер  ua.fm.
   В новой почте вам будут доступны следующие возможности:
     * проверка писем на вирусы и обучаемая анти-спам система;
     * размер почтового ящика увеличен от 50 Мб, с бесплатной возможностью
       увеличивать его ежемесячно на +10Мб, неограниченное количество раз;
     * возможность получать почту через POP3 протокол;
     * сборщик почты с других почтовых систем;
     * возможность создавать собственные папки для хранения писем;
     * возможность настройки собственных правил сортировки писем;
     * возможность отправлять письма объемом до 10Мб и принимать письма
       объемом до 15Мб;
     * возможность настроить sms уведомление о приходе новых писем.

   SMTP-сервер ua.fm для отправки сообщений из вашего почтового клиента
   станет доступен только владельцам VIP-аккаунта наряду с другими
   расширенными возможностями почты:
     * автоответчик с возможностью создания правил;
     * переадресация входящих писем на ваши альтернативные email-адреса;
     * возможность писать от любого другого вашего email адреса (делается
       подстановка альтернативного адреса в поле "от кого");
     * отсутствие рекламной подписи в письмах;
     * продление времени жизни ящика на определенный термин при его не
       использовании;
     * дополнительный объем к уже существующему размеру вашего ящика (до
       +500 Мб).

   Подробнее о VIP-аккаунте и стоимости его приобретения, читайте на
   странице: [24]http://mail.i.ua.

   Если у вас возникнут вопросы обращайтесь в [25]службу поддержки портала
   www.i.ua.
   Если Вы забыли пароль, но он остался в Вашем браузере в виде
   автоподстановки, то введите ниже логин и нажав на кнопку "Показать",
   получите Ваш пароль.

    Ваш логин __________ Пароль __________ Показать
     __________________________________________________________________

   [26][s?u1&p124&l1]
   © I.UA, 2006-2020.
   [27]Обратная связь[28]Реклама на сайте

References

   Visible links
   1. http://i.ua/
   2. http://www.i.ua/?domain=ua.fm
   3. http://mail.i.ua/
   4. http://soft.i.ua/
   5. http://catalog.i.ua/
   6. http://links.i.ua/
   7. http://weather.i.ua/
   8. http://goroskop.i.ua/
   9. http://tv.i.ua/
  10. http://finance.i.ua/
  11. http://perevod.i.ua/
  12. http://narod.i.ua/
  13. http://prikol.i.ua/
  14. http://love.i.ua/
  15. http://photo.i.ua/
  16. http://blog.i.ua/
  17. http://video.i.ua/
  18. http://map.i.ua/
  19. http://kino.i.ua/
  20. http://files.i.ua/
  21. http://cook.i.ua/
  22. http://music.i.ua/
  23. http://onlineradiobox.com/
  24. http://mail.i.ua/
  25. http://help.i.ua/section/11/
  26. http://www.i.ua/
  27. http://help.i.ua/section/13/
  28. mailto:advert@mi6.com.ua

   Hidden links:
  30. http://www.bigmir.net/
