2_тра	a
2_тра	.bash_history
28_бер	.bash_logout
28_бер	.bashrc
2_тра	AnotherUser-ubuntu.yaml
2_тра	examples.desktop
2_тра	gzip_tar_gz
2_тра	hello.tar
2_тра	.ICEauthority
2_тра	lastimage.tar
2_тра	local_file
2_тра	logger
2_тра	~log.txt
2_тра	log.txt
2_тра	myimage111.tar
2_тра	myimage.tar
2_тра	myubuntu.tar
2_тра	nam.txt
2_тра	nano
2_тра	null
28_бер	.profile
2_тра	remote_file
2_тра	result
2_тра	root_entries.txt
2_тра	script.sh
2_тра	setuid.txt
2_тра	setupid2.txt
2_тра	setupid.txt
2_тра	shell-demo.yaml
2_тра	shell-demo.yaml.1
28_бер	.sudo_as_admin_successful
2_тра	ubuntu-local.yaml
2_тра	v
2_тра	va
2_тра	.vboxclient-display.pid
2_тра	.vboxclient-draganddrop.pid
2_тра	.vboxclient-seamless.pid
2_тра	z
3_тра	4.8.1.log
3_тра	4.8.2a.log
3_тра	4.8.2b.log
3_тра	4.8.3.log
3_тра	4.8.4.log
3_тра	4.8.5.log
3_тра	4.8.6.log
3_тра	run.sh
28_бер	event-sound-cache.tdb.b7dcb1a30b9840e994d0aa8f7a24ec4c.x86_64-pc-linux-gnu
29_бер	2e755eb509a594ba7adde982574983b5-le64.cache-7
29_бер	a41116dafaf8b233ac2c61cb73f2ea5f-le64.cache-7
29_бер	CACHEDIR.TAG
28_бер	a6738e117c8a8ed8021d8b5ada7e03d463ddd3cf-glimpse-snapcraft-banner.png
28_бер	metadata.xml.gz
28_бер	metadata.xml.gz.asc
29_бер	03d7afe821e8ef090584c80e62ed44928595ce87-vidcutter.png
28_бер	047f48b6aa3672f7374b229ca5167618c3f33485-icon_512.png
28_бер	0695116214c356dcd95b85372fc0eea2b183ea53-bomber.svg.png
28_бер	08fd94dec0e71edb3ef60573bd0e6d046f2e3591-heartbeat.png
28_бер	0904c77d45c89301293ba50309ad33ea4b8abfee-supertuxkart-256.png
28_бер	096fc810fa2eb884a1c7979a6fab9f144f0b0a06-icon_2.png
29_бер	0cda02fb6e328ff19c0b8548b92266b5bc344836-handbrake-jz.png
29_бер	0d46914ea561fcf57155689d602a0f64c608bf99-mpv.png
28_бер	0ff3c54dd43b9288e821006e77b40992f15cd436-kgoldrunner_m4iRUVR.png
28_бер	1006c07228e816b2c0e046579caaefdff7c20cbe-kreversi_VIE4fr4.png
29_бер	100f1ad6f4e08fd4088c158479e4deacf6c13d07-mpv-256.png
28_бер	103789d46ea870a644cc959eb262d2c6f3744f5f-icon_k2Rz5tZ.png
28_бер	10f3db35429eda68f7becd7ea3eb05d3177f18cf-icon_256_1.png
28_бер	12002366d274168a7c08b901b0bee7687968a1c8-mrrescue.png
28_бер	132ddc6dc4f8b457cc6b4967f834c833116d8232-quadrapassel.svg.png
28_бер	170b2f629033284cc59328f1273aeb39c2077d79-icon_20.png
28_бер	1af285d19b86af656baf06210c83a18f846ecf47-sayonara_GmErOUD.png
29_бер	1f03940cf821fefbb5f8a96bc34ca0a8bc43ff3c-pictogram-upgrade-orange-hex.svg.png
29_бер	1fb4c9982b9000dfb26df3e36399f7304b655d5b-phpL92gCmAM.png.png
28_бер	1fcacb39f7555ac8cf94df5bd7b279fdb174bc03-icon256_f9302jP.png
28_бер	1fda18d20714a95e6f3f50b3d1e058b371b147fb-obs-studio.png
28_бер	20e97c65422a8011ad53dd12929052bddf109e3b-icon_MZV58q1.png
28_бер	23221e9f3f2966856de7f0800a59c7fc7c4526e7-icon256.png
28_бер	23a83fe8db7a4e5e8fa35569022c4abcc28d3367-icon.svg_Uva1OGE.png
28_бер	24d2f58b9069927a26b189cb3da4e8dc336c2da0-Noson_1.png
28_бер	26ad89711b10b734668a7519d9cbd0224c40cec5-strawberry256.png
28_бер	28d52c442c3a253e2212da1b293a2a003b39f94a-blender.png
28_бер	2a2bf7e353aa6ecb7d3480e1ae6e775df5203bc3-icon_vO6HB0D.png
28_бер	2b18427b0d11339cbeab771848ebad7fd5aa974f-Mark256.png
28_бер	2bb8258b086b2b425c94613be69bff27c15fd1fb-snap_odio_logo.png
29_бер	2df098d58d0c51655acd5e39811c3416eacaf3a3-quake-shareware.png
28_бер	2ed433c9a11d4c06a831b45ed3651c59b1580b97-tmb.png
28_бер	319dfc7b8d6657e0bceb5d6cfa7dd56134e6b2ee-kanagramicon.png
28_бер	32651896ba987f65978c5c74c1fa281562b16012-knetwalk_rNySFRA.png
29_бер	350351602d665158fa996d0b0f06086e1b6e0715-plex-pms-icon.png
28_бер	38b0df933929f73cb8822af9fd4af33150ae5300-org.glimpse_editor.Glimpse.png
28_бер	3ab7ab7ae0fe55451c3df091959f95e7f886993c-asunder_waifu2x_art_scale_tta_1.png
28_бер	3cb5a014019dc3c144500115a796258d60e0cd0a-SongBuilderColourIcon256.png
28_бер	3ed171f54802c784d5b5a49ef91ece96718658aa-vlc.png
28_бер	40b254bbcd43964555d232c9b402f963d46ffb9a-klickety.png
29_бер	41aaa5a3cd4d062c801dd28fbd0e0bb730523350-icon_256x256_XzTcJux.png
28_бер	45793708ff0073e861e40099fa665aec365a898f-icon_app256_1.png
28_бер	45c723fd614ee922978171fa043c9a14e4d24fdc-kigo.png
28_бер	482da79d0ef3e65f9cf69e13cdb69ae67a2e43f4-kblackbox.png
28_бер	496b7efe122d3ac96185a441fa5d7512295d7399-Audacity_Logo_large.svg.png
28_бер	4bb50967c9125609532903aa13b0b1b6c274c0dd-kubrick.png
29_бер	4bc048c2d6ab0bb70d6b4961a4796c9c6cb87373-smartscreen_256x256.png
28_бер	4bcd0e69c25b64647575e1b127a8477b1d40feb3-kspaceduel.png
28_бер	4c97c00c96e33802b404d2b0558c3d219f5bbd84-icon_11.png
29_бер	4d8c1fd87e2f5b4e6c6171cbfe2279fd744858b5-b8a85a31-MicroK8s_SnapStore_icon.png
28_бер	4dbc8338f2d7915be5850cb4afaa9e1513c984cd-kmahjongg.png
28_бер	4e763d64d7d04a3b072fcb90e3798530916c6b8a-spotify-linux-256.png
28_бер	4e9bbdcf747529656b0da0b0ebb69c1120eefa81-binfwall.png
28_бер	5198e802c0ad6c531b3203ca3216fdb4a94966fb-killbots_3X2FBuM.png
28_бер	547b40172a110e061ce9c9838cabe9a1f0548522-containers.png
28_бер	55634c59cfeb9a984315379903453fea99aae0b5-tizonia-logo-256.png
28_бер	55b802383834c6c766324926659fe71daedd169e-palapeli_9eQYMiV.png
29_бер	56a7fe4a0819f942c28843cf0183354b133bab86-Powershell_black.ico.png
28_бер	56b557349e742308287800b4c4b5869222dd375e-e.png
28_бер	5874c3e823fc8c4b8e7e457b165c53261bcc06e0-256x256logo-transparent.png
28_бер	5d31b590c4e78b8fd0fec4a2c22ac8793673a51a-terminal.png
28_бер	5e2e2e30eed17c1f58385c038e019f1c4926c157-icon_B2sc22P.png
28_бер	6152d2f7ea6415f0993eedb0c1d9673397a23466-boa.png
29_бер	658a8dbf6ad5a1ad58f8c2a3e60716dea46d6e20-icon_14.png
28_бер	65f7e3966ca152714e7e6a9b4e469095d86d965f-subsonic_logo.png
28_бер	689d3aa1d3f6f0f5914289b309ecf4daf6ca3487-mscore.svg.png
28_бер	68e92fd32568c0d72561f7da21e8c20d6adbf0c3-discographer-icon-256.png
28_бер	6955575c4eabded3ab8183d40903a03a384083cc-mcinstaller.png
28_бер	6b96ae718dd1bb30451d50b4ee9b52184be62251-scummvm_icon_512.png
28_бер	6bb191aa19eafad4c89113043d47e0fcba9ade5e-full-discography-icon.png
28_бер	6cc8007614a557fe7009ddb3d63327130069ac39-tome.png
29_бер	6d5fa38484aa15db329b9f86eeb6b98545277b20-Pictures-icon.png
28_бер	6f49c816c21a39a0229a07c7161bb50681a382f3-icon_5aZMXIN.png
28_бер	703f05eba08510dc34016f76fff1124849a571fa-saoxlogo.png
29_бер	7172c35f9999131b024d7239ed874cbf2229bf79-shotcut-logo-256x256_1.png
28_бер	72aa7b94db7dc6f9217a8794fd08de04324026a3-spt256.png
29_бер	747a05759313a8db1610a6a873df48bd4c74a843-eog.png
28_бер	7a8133f078bf5350df0d56a8d7c53f03c0854d78-shattered-pixel-dungeon.png
28_бер	7ac77d66878d76986ac510bd4c0fb93b4d1d3332-micropolis.png
28_бер	80f00cf6776978a1b530f5cb0df8f1b1d1f02023-icon_s4HbwJl.png
28_бер	830e5e1c9d02cee5b9d99dbf249466810e517fad-icon_app256_6.png
28_бер	83267b3de217f604ff2a32b97023afc0ed6ded38-icon.svg_1.png
29_бер	84b8a33b3de6fb9661a282170e9523fc36cd135d-htslogo_256x256.png
28_бер	8638f0eb382cd9756cff50de3eb44273e1cf184c-codium_blue_light.png
28_бер	866d0ad06bd38b2ca7f1344ac0aca6d373ba66ff-deadbeef_logo.png
28_бер	87b9161d12dcafb45a174744e27b481236d0e6ad-warzone2100.large.png
28_бер	895068db1063e82ec50be18cf63a9bd782415da0-dosbox-x.png
28_бер	8fa58b36f4ea830fd454c9adce9213417c9b3edf-Logo_Dropbox.png
28_бер	934d15b554644f1b204ddad21c7ed8a8195fd741-sdlpop.png
28_бер	9a2416be9513b0183e00ef958e0c8d38892b1109-mars-256_etORXwv.png
28_бер	9ba2bfe4304423cb2f213466e2be1f1cc5112a18-256x256_1.png
29_бер	9bd5805edd619f40eab375e7b7a0cee31aec827e-256x256.png
28_бер	9c20a5b19e23bbcde372312801683dfebc671c28-Blue-Rounded-512.png
28_бер	9ccc148c89267997824268c0cfc8566058708ba5-cumulonimbus.png
28_бер	9d08d2edd2ff8ec1864fdf26ec59075c864000a4-banner-icon.png
29_бер	9ea65409a2badb433cfed68f01cce6c4bdc41d08-icon_5.png
28_бер	a0b064853b9c7c21e395f8d25649307f74eb52ee-gallery_4_9_63565.png
28_бер	a1bad5345f7d8ab427ad15f1c543b3457e2177cf-kapman.png
29_бер	a1cac3c7e6b42016b6803217f6de13632ef004ec-mkvtoolnix_logo.png
28_бер	a381fc993ef1016d7b8f5814ffd48c61d59ec154-512x512.png
28_бер	a48d9a08b9b13c151800f9d65edbb62e76e8e47c-icon.svg_4.png
28_бер	a51773b4002aaa3f31e474ddc825c120402b1175-zzt_256a.png
28_бер	a5c5cb309634811cb83badeb53dc5dc4b34ec529-icon.svg_RcVGnxA.png
28_бер	a692076eb30220f3fa07ec1c02ea98aea89ac95f-granatier.svg.png
28_бер	a6c07cc292eaa2d52b15a054d8ec4b89dbe27109-kwave_LKlRQMU.png
28_бер	b1907f91ef077f7f96f5eef1c25527c6fd366395-klines.png
28_бер	b38975c2b6a8f6a166f856ff828ab0e276916e69-colorpicker-black256px.png
28_бер	b76c939b5187194e1abf0979b9642bd4c08eca01-auryo.png
28_бер	b83e8a3dcef3233daa2642171f8fb567092db4c0-icon_m5plxT3.png
28_бер	ba2740d47e8cf02e2f3a4f1583c3f946e5c18df8-foobar2000.png
28_бер	bb09826e06999e558434b7f8b0cc2f13ac0fc275-256-GTK_logo.png
28_бер	bc1e57a1acf9b0cc82d290d829340e4b37ff5f7e-favicon.png
28_бер	c0cac08604a88607cc63b6dbf459dcc422c5c729-codebreakers.png
28_бер	c466e294f5ddf50c76ee063a30493a655ceb4ec9-kbreakout.svg.png
29_бер	c94ae1ff0cd77d94a6ae1505e04bf6b6e23f688f-webcam.png
28_бер	c99f277e3dd19157483ddfc205b82d95021329b9-openra.png
28_бер	cb3d51cf0504b6dbb24e943a2f0c2c58e5b1fde8-kmines.png
28_бер	d493e28662e0546604baa810c06a1f9ff03b0705-ksudoku.png
28_бер	d5ed487a072f15133eb5f8f12df6d25e4d0a4677-transitions256.png
29_бер	d70c34d85dc5cb7b38c39f1f3a9b03fc4877068f-ffmpeg_LvkKa6R.png
29_бер	d921c79c2a5f6a5cd92846701bcb693ac2799031-livetuner.png
28_бер	daa12f6b881cba67f77fc5e4810b21d798d22c33-icon-circle.png
28_бер	dbf3bc9d1a83f1230a7c6ac361b2785f655ca075-ksnakeduel_Tm67e6C.png
28_бер	dc7169d1c6b74c7e730cfccc622f8fafa0861b9d-discord.png
28_бер	dea56864b753381987084f5e028e8b73e9722716-xonotic_256x.png
28_бер	defc628690059e0b1e4082017c13270505d25cf0-icon_XdsF8vs.png
28_бер	e3d3d8228832228de1de31c932856a50855af24e-podpublish.png
28_бер	e55e08cc0c673511e8027cf01b6078046e434b1a-icon_dark.ico.png
28_бер	e8647a66f31dd36c03197f7049d906f7d2ac1a4f-icon_hbijlIh.png
28_бер	e869627a7b90632cc1c4b25b9bab047be148bc8e-Snapcraft_256x256.png
28_бер	e9bdadf077ea48bc123ee3272fd48428bdca3860-128-apps-kfourinline.png
28_бер	ee935120375b538e93f7489ed7288d1ad6375b75-inkscape.png
28_бер	efefb4b7836a10162c7c5b9134beac5451a5c838-tmnationsforever.png
28_бер	f0be78cfcfacf981acfc7ba2cbababfabd2e74ed-music_icon-24.svg.png
28_бер	f0fd7a34e8a0054aafb85f41457372103821e25b-gpmdp.png
28_бер	f23ae18dca3cf4a51d97785fce734b24daf3cf28-duckmarines.png
28_бер	f4a9ce7c5f1c1532ae61e4529cb7769fa02847cb-all-remixes-icon-512.png
28_бер	f53de11b2ed4541d9b5ebddbbd696756d588cfeb-oh-my-giraffe_256.png
28_бер	f56a3bd07fdfc47d762f2132aa4b8d3ab0ef5692-freac-256x256.png
28_бер	f9ae1fb5dec311e7d0c6771c2ee10ca3f6265ad0-clementine.png
28_бер	ratings.json
28_бер	gnome.json
28_бер	registry.x86_64.bin
28_бер	registry
29_бер	723754870
29_бер	0318830328E6C5A25F4128E85A844818A3EF4040
29_бер	069A4047B7FD5A154EA9BCB9523CB6438A40EB96
29_бер	0A59F165B6EF04A6D73F15B633F534CD9811E75A
29_бер	0AAB4F57B4AC93E8DF96AE1E8664F9A88465991A
29_бер	0C5B2355812697BF4DDFB77A55815374B532B5CB
29_бер	0D288E5EFB5F6BD4D2FBED99FD460472CAB057B9
29_бер	0DDE7EBD8F3AD9D564DBF6AD91C37AB55D56D0AF
29_бер	0EDDF8C091E2FED62E44BEDDDC1723F5BF38FE4F
29_бер	0FC25877B42B91EC00B7CCBA2ED45B52587179BC
29_бер	1761AD362311F7EAAC34E15A930400DDFE6299E0
29_бер	179977EC1B5CF43A769203F2E63E4D2CCB00C0BE
29_бер	17C69B48B96D87107F5C8392B021079D07D50F99
29_бер	1E1ECBA441E2796045D75CBB416A8149A3047336
29_бер	254256B27E0C48CF9B80B695F0B3B8CA84610495
29_бер	25E3F9C57E7B595E4EA0783B8863230E51F31C4E
29_бер	3207BAF58E1E722DAD3FF59B8087D611194E2C72
29_бер	340A10D652987DF5E54312E31F5C22F6E8DBA574
29_бер	35F0A2FF4B4555DF80956150B324D0FA66FD56B3
29_бер	447E62EE439AC61BDFBDB92986DBA56D2E79ADD8
29_бер	44BA9A5AAB74A795209F8B1E91F45308B9E2D97C
29_бер	48123D5EEB1E28203DA381DB5B232F22924A2FFF
29_бер	4903E7ABE348ED39D98D1C844FB81A906D5ECA16
29_бер	49F0FE0457EA9415A045596F35D4E9B99FD828DF
29_бер	4FA5A3C5A3B5463863D916A12235FE38535BAFB2
29_бер	66F684AF9CC570C6247262B47C769C601C2A338B
29_бер	66FBB24C787EF71B6675C33194023E740024755B
29_бер	6D730121FD763F5F1F5C0FA06E1E8AC73C97591D
29_бер	78DBE55782B7B81AF853B4884323B48C34429A53
29_бер	7CC210F3DE17CC7375E38FBCB75625DE7DCCC331
29_бер	83ADE40216D6A370A78A28ECA2EB0805FBD73379
29_бер	871DE84C77635E851B837F71609DF89EEEAB585C
29_бер	89DBE1DF558BB8439E2062ECC3272086F2E3FF1F
29_бер	97E8D217D59733C5DAC8BF6D74564B40D930A09A
29_бер	996D20D018E4F7762222CD38EB107482289071F3
29_бер	9DF825CC78A660D81D571A4A46F060676D7CF4F3
29_бер	A58C553A648150D30FC66D7574BB8ABB2FB33F6A
29_бер	A62DE0849776D2F71485737EFCC2445AF8292CC4
29_бер	A9CD9A35F7588F07426AF0917E6F3EDE3BDBCF6B
29_бер	ADB374FF88CC300FBB6D7C83DFA6F5024A072761
29_бер	B491820DFB4B955F48159C47A0BCBFB68924EBD2
29_бер	B555235EB5230B93242A83F624CFE5AF42CB966B
29_бер	B6BAC957D639A5D3ADE0DD634B4EF2F9A9F3F0A6
29_бер	B6F8D2A797B257A0FA38E0B262ECF974330E267C
29_бер	B9667D755101C1D21E786F253C654BD086964020
29_бер	BAEE5929C302B628351F8A770CA24F6C3585A52B
29_бер	BBBEE6CCDA69DDE30D5EE41BFCB04F5BFA61BEAE
29_бер	BC633E159A796AD931EF92EB771E4BF67A4C0533
29_бер	BE0CCFDEED023C83BCD6BAB4E7FA39C986B3EA5A
29_бер	C28EFDAF62FDBE43D37808C082A6ED569B1C42D4
29_бер	C3D12E2B603C194F2FE1E0DB12DB2A2BB4C4FE2A
29_бер	C826F47B16117BA28458A47C4D3BA037A530889A
29_бер	CABF280BBB1FB7DE80A6837C03C886041B5DDF79
29_бер	CC272A84C437C06018182F241F266FFC52770F69
29_бер	D00A688072D5E651DFCBF1F615D0FF8CC68B8989
29_бер	D172815C768C1A1D486790E093EC132B3A860C69
29_бер	D3A97D4BF577027FCA9D0815DCE7CAC25D11926B
29_бер	D68CAF7DF2821B6FF8FA7C896445E3FEDF710B49
29_бер	DADD4F9B9A5498815F97C8458A170D119989A542
29_бер	DF987FD83BE40552D9A5BEB5CAE717829C155945
29_бер	E910D1FCE8BF27F5536B88567A4DC32624377CC3
29_бер	EF24CA4A4C9F65F851ACC2CDBDEFF0B7EB1A8BD0
29_бер	F2161C0910ED1EC7A31752D7FE48C6239C556111
29_бер	F8B51D2EC10AE9A943F8F24B1B1561CF237EA4EA
29_бер	F8CBD54DDA10F4286A41EC6A537240712D6C2308
29_бер	F8E127080251238867CB977D702209BC567B58B1
29_бер	index.sqlite
29_бер	ads-track-digest256.sbstore
29_бер	ads-track-digest256.vlpset
29_бер	allow-flashallow-digest256.sbstore
29_бер	allow-flashallow-digest256.vlpset
29_бер	analytics-track-digest256.sbstore
29_бер	analytics-track-digest256.vlpset
29_бер	base-cryptomining-track-digest256.sbstore
29_бер	base-cryptomining-track-digest256.vlpset
29_бер	base-fingerprinting-track-digest256.sbstore
29_бер	base-fingerprinting-track-digest256.vlpset
29_бер	block-flash-digest256.sbstore
29_бер	block-flash-digest256.vlpset
29_бер	block-flashsubdoc-digest256.sbstore
29_бер	block-flashsubdoc-digest256.vlpset
29_бер	content-track-digest256.sbstore
29_бер	content-track-digest256.vlpset
29_бер	except-flashallow-digest256.sbstore
29_бер	except-flashallow-digest256.vlpset
29_бер	except-flash-digest256.sbstore
29_бер	except-flash-digest256.vlpset
29_бер	except-flashsubdoc-digest256.sbstore
29_бер	except-flashsubdoc-digest256.vlpset
29_бер	google-trackwhite-digest256.sbstore
29_бер	google-trackwhite-digest256.vlpset
29_бер	mozplugin-block-digest256.sbstore
29_бер	mozplugin-block-digest256.vlpset
29_бер	mozstd-trackwhite-digest256.sbstore
29_бер	mozstd-trackwhite-digest256.vlpset
29_бер	social-track-digest256.sbstore
29_бер	social-track-digest256.vlpset
29_бер	social-tracking-protection-facebook-digest256.sbstore
29_бер	social-tracking-protection-facebook-digest256.vlpset
29_бер	social-tracking-protection-linkedin-digest256.sbstore
29_бер	social-tracking-protection-linkedin-digest256.vlpset
29_бер	social-tracking-protection-twitter-digest256.sbstore
29_бер	social-tracking-protection-twitter-digest256.vlpset
29_бер	goog-badbinurl-proto.metadata
29_бер	goog-badbinurl-proto.vlpset
29_бер	goog-downloadwhite-proto.metadata
29_бер	goog-downloadwhite-proto.vlpset
29_бер	goog-malware-proto.metadata
29_бер	goog-malware-proto.vlpset
29_бер	goog-phish-proto.metadata
29_бер	goog-phish-proto.vlpset
29_бер	goog-unwanted-proto.metadata
29_бер	goog-unwanted-proto.vlpset
29_бер	asrouter.ftl
29_бер	scriptCache.bin
29_бер	scriptCache-child.bin
29_бер	startupCache.8.little
29_бер	urlCache.bin
29_бер	webext.sc.lz4
29_бер	7c27e0a3e1ba29183af76ea17d293660.png
29_бер	ShutdownDuration.json
29_бер	ShutdownDuration.json.tmp
29_бер	startupCache.8.little
29_бер	webext.sc.lz4
28_бер	ubuntu.18.04
28_бер	meta-release-lts
2_тра	0_5_1217_573_792beab7550410d531e55f95b449f135
28_бер	gnome-initial-setup-done
28_бер	user-dirs.dirs
28_бер	user-dirs.locale
3_тра	user
28_бер	system-proxy.source
2_тра	bookmarks
2_тра	b7dcb1a30b9840e994d0aa8f7a24ec4c-unix-0
28_бер	b7dcb1a30b9840e994d0aa8f7a24ec4c-unix-1
3_тра	desktop-metadata
28_бер	b7dcb1a30b9840e994d0aa8f7a24ec4c-card-database.tdb
2_тра	b7dcb1a30b9840e994d0aa8f7a24ec4c-default-sink
2_тра	b7dcb1a30b9840e994d0aa8f7a24ec4c-default-source
28_бер	b7dcb1a30b9840e994d0aa8f7a24ec4c-device-volumes.tdb
28_бер	b7dcb1a30b9840e994d0aa8f7a24ec4c-stream-volumes.tdb
28_бер	cookie
2_тра	remote_file
2_тра	test_file
2_тра	test2.txt
2_тра	test2.txt
2_тра	test2.txt
2_тра	test2.txt
2_тра	test2.txt
2_тра	test2.txt
2_тра	recently-used.xbel
28_бер	session_migration-ubuntu
28_бер	extensions-web.xml
2_тра	contacts.db
28_бер	calendar.ics
28_бер	input-sources-converted
3_тра	application_state
2_тра	notifications
2_тра	home
2_тра	home-d5f25808.log
2_тра	root
2_тра	root-559e73ca.log
28_бер	login.keyring
28_бер	user.keystore
2_тра	Xorg.0.log
2_тра	Xorg.0.log.old
28_бер	Xorg.1.log
29_бер	installs.ini
29_бер	profiles.ini
29_бер	InstallTime20200309095159
29_бер	times.json
29_бер	addons.json
29_бер	addonStartup.json.lz4
29_бер	broadcast-listeners.json
29_бер	cert9.db
29_бер	compatibility.ini
29_бер	containers.json
29_бер	content-prefs.sqlite
29_бер	cookies.sqlite
29_бер	extension-preferences.json
29_бер	extensions.json
29_бер	favicons.sqlite
29_бер	favicons.sqlite-wal
29_бер	formhistory.sqlite
29_бер	handlers.json
29_бер	key4.db
29_бер	.parentlock
29_бер	permissions.sqlite
29_бер	pkcs11.txt
29_бер	places.sqlite
29_бер	places.sqlite-wal
29_бер	pluginreg.dat
29_бер	prefs.js
29_бер	protections.sqlite
29_бер	revocations.txt
29_бер	search.json.mozlz4
29_бер	sessionCheckpoints.json
29_бер	shield-preference-experiments.json
29_бер	SiteSecurityServiceState.txt
29_бер	storage.sqlite
29_бер	times.json
29_бер	webappsstore.sqlite
29_бер	webappsstore.sqlite-wal
29_бер	xulstore.json
29_бер	bookmarks-2020-03-29_16_bQY8LHhbDALKcf72PXlhWQ==.jsonlz4
29_бер	store.json.mozlz4
29_бер	aborted-session-ping
29_бер	session-state.json
29_бер	state.json
29_бер	gmpopenh264.info
29_бер	libgmpopenh264.so
29_бер	recovery.jsonlz4
29_бер	.metadata-v2
29_бер	3647222921wleabcEoxlt-eengsairo.sqlite
29_бер	.metadata-v2
29_бер	1657114595AmcateirvtiSty.sqlite
29_бер	1657114595AmcateirvtiSty.sqlite-wal
29_бер	2918063365piupsah.sqlite
29_бер	3561288849sdhlie.sqlite
29_бер	3870112724rsegmnoittet-es.sqlite
29_бер	known_hosts
29_бер	installs.ini
29_бер	profiles.ini
29_бер	InstallTime20200110142707
29_бер	times.json
29_бер	abook.mab
29_бер	addons.json
29_бер	addonStartup.json.lz4
29_бер	AlternateServices.txt
29_бер	blist.sqlite
29_бер	cert9.db
29_бер	compatibility.ini
29_бер	cookies.sqlite
29_бер	directoryTree.json
29_бер	extension-preferences.json
29_бер	extensions.json
29_бер	folderTree.json
29_бер	global-messages-db.sqlite
29_бер	history.mab
29_бер	key4.db
29_бер	mailViews.dat
29_бер	.parentlock
29_бер	permissions.sqlite
29_бер	pkcs11.txt
29_бер	prefs.js
29_бер	search.json.mozlz4
29_бер	SecurityPreloadState.txt
29_бер	sessionCheckpoints.json
29_бер	SiteSecurityServiceState.txt
29_бер	storage.sqlite
29_бер	Telemetry.ShutdownTime.txt
29_бер	times.json
29_бер	virtualFolders.dat
29_бер	webappsstore.sqlite
29_бер	xulstore.json
29_бер	.metadata-v2
29_бер	3870112724rsegmnoittet-es.sqlite
2_тра	log
2_тра	log2
2_тра	.log.swi
2_тра	.log.swj
2_тра	.log.swk
2_тра	.log.swl
2_тра	.log.swm
2_тра	.log.swp
2_тра	.log.txt.swp
