myimage111.tar
setupid2.txt
shell-demo.yaml.1
4.8.1.log
4.8.2a.log
4.8.2b.log
4.8.3.log
4.8.4.log
4.8.5.log
4.8.6.log
event-sound-cache.tdb.b7dcb1a30b9840e994d0aa8f7a24ec4c.x86_64-pc-linux-gnu
2e755eb509a594ba7adde982574983b5-le64.cache-7
a41116dafaf8b233ac2c61cb73f2ea5f-le64.cache-7
a6738e117c8a8ed8021d8b5ada7e03d463ddd3cf-glimpse-snapcraft-banner.png
03d7afe821e8ef090584c80e62ed44928595ce87-vidcutter.png
047f48b6aa3672f7374b229ca5167618c3f33485-icon_512.png
0695116214c356dcd95b85372fc0eea2b183ea53-bomber.svg.png
08fd94dec0e71edb3ef60573bd0e6d046f2e3591-heartbeat.png
0904c77d45c89301293ba50309ad33ea4b8abfee-supertuxkart-256.png
096fc810fa2eb884a1c7979a6fab9f144f0b0a06-icon_2.png
0cda02fb6e328ff19c0b8548b92266b5bc344836-handbrake-jz.png
0d46914ea561fcf57155689d602a0f64c608bf99-mpv.png
0ff3c54dd43b9288e821006e77b40992f15cd436-kgoldrunner_m4iRUVR.png
1006c07228e816b2c0e046579caaefdff7c20cbe-kreversi_VIE4fr4.png
100f1ad6f4e08fd4088c158479e4deacf6c13d07-mpv-256.png
103789d46ea870a644cc959eb262d2c6f3744f5f-icon_k2Rz5tZ.png
10f3db35429eda68f7becd7ea3eb05d3177f18cf-icon_256_1.png
12002366d274168a7c08b901b0bee7687968a1c8-mrrescue.png
132ddc6dc4f8b457cc6b4967f834c833116d8232-quadrapassel.svg.png
170b2f629033284cc59328f1273aeb39c2077d79-icon_20.png
1af285d19b86af656baf06210c83a18f846ecf47-sayonara_GmErOUD.png
1f03940cf821fefbb5f8a96bc34ca0a8bc43ff3c-pictogram-upgrade-orange-hex.svg.png
1fb4c9982b9000dfb26df3e36399f7304b655d5b-phpL92gCmAM.png.png
1fcacb39f7555ac8cf94df5bd7b279fdb174bc03-icon256_f9302jP.png
1fda18d20714a95e6f3f50b3d1e058b371b147fb-obs-studio.png
20e97c65422a8011ad53dd12929052bddf109e3b-icon_MZV58q1.png
23221e9f3f2966856de7f0800a59c7fc7c4526e7-icon256.png
23a83fe8db7a4e5e8fa35569022c4abcc28d3367-icon.svg_Uva1OGE.png
24d2f58b9069927a26b189cb3da4e8dc336c2da0-Noson_1.png
26ad89711b10b734668a7519d9cbd0224c40cec5-strawberry256.png
28d52c442c3a253e2212da1b293a2a003b39f94a-blender.png
2a2bf7e353aa6ecb7d3480e1ae6e775df5203bc3-icon_vO6HB0D.png
2b18427b0d11339cbeab771848ebad7fd5aa974f-Mark256.png
2bb8258b086b2b425c94613be69bff27c15fd1fb-snap_odio_logo.png
2df098d58d0c51655acd5e39811c3416eacaf3a3-quake-shareware.png
2ed433c9a11d4c06a831b45ed3651c59b1580b97-tmb.png
319dfc7b8d6657e0bceb5d6cfa7dd56134e6b2ee-kanagramicon.png
32651896ba987f65978c5c74c1fa281562b16012-knetwalk_rNySFRA.png
350351602d665158fa996d0b0f06086e1b6e0715-plex-pms-icon.png
38b0df933929f73cb8822af9fd4af33150ae5300-org.glimpse_editor.Glimpse.png
3ab7ab7ae0fe55451c3df091959f95e7f886993c-asunder_waifu2x_art_scale_tta_1.png
3cb5a014019dc3c144500115a796258d60e0cd0a-SongBuilderColourIcon256.png
3ed171f54802c784d5b5a49ef91ece96718658aa-vlc.png
40b254bbcd43964555d232c9b402f963d46ffb9a-klickety.png
41aaa5a3cd4d062c801dd28fbd0e0bb730523350-icon_256x256_XzTcJux.png
45793708ff0073e861e40099fa665aec365a898f-icon_app256_1.png
45c723fd614ee922978171fa043c9a14e4d24fdc-kigo.png
482da79d0ef3e65f9cf69e13cdb69ae67a2e43f4-kblackbox.png
496b7efe122d3ac96185a441fa5d7512295d7399-Audacity_Logo_large.svg.png
4bb50967c9125609532903aa13b0b1b6c274c0dd-kubrick.png
4bc048c2d6ab0bb70d6b4961a4796c9c6cb87373-smartscreen_256x256.png
4bcd0e69c25b64647575e1b127a8477b1d40feb3-kspaceduel.png
4c97c00c96e33802b404d2b0558c3d219f5bbd84-icon_11.png
4d8c1fd87e2f5b4e6c6171cbfe2279fd744858b5-b8a85a31-MicroK8s_SnapStore_icon.png
4dbc8338f2d7915be5850cb4afaa9e1513c984cd-kmahjongg.png
4e763d64d7d04a3b072fcb90e3798530916c6b8a-spotify-linux-256.png
4e9bbdcf747529656b0da0b0ebb69c1120eefa81-binfwall.png
5198e802c0ad6c531b3203ca3216fdb4a94966fb-killbots_3X2FBuM.png
547b40172a110e061ce9c9838cabe9a1f0548522-containers.png
55634c59cfeb9a984315379903453fea99aae0b5-tizonia-logo-256.png
55b802383834c6c766324926659fe71daedd169e-palapeli_9eQYMiV.png
56a7fe4a0819f942c28843cf0183354b133bab86-Powershell_black.ico.png
56b557349e742308287800b4c4b5869222dd375e-e.png
5874c3e823fc8c4b8e7e457b165c53261bcc06e0-256x256logo-transparent.png
5d31b590c4e78b8fd0fec4a2c22ac8793673a51a-terminal.png
5e2e2e30eed17c1f58385c038e019f1c4926c157-icon_B2sc22P.png
6152d2f7ea6415f0993eedb0c1d9673397a23466-boa.png
658a8dbf6ad5a1ad58f8c2a3e60716dea46d6e20-icon_14.png
65f7e3966ca152714e7e6a9b4e469095d86d965f-subsonic_logo.png
689d3aa1d3f6f0f5914289b309ecf4daf6ca3487-mscore.svg.png
68e92fd32568c0d72561f7da21e8c20d6adbf0c3-discographer-icon-256.png
6955575c4eabded3ab8183d40903a03a384083cc-mcinstaller.png
6b96ae718dd1bb30451d50b4ee9b52184be62251-scummvm_icon_512.png
6bb191aa19eafad4c89113043d47e0fcba9ade5e-full-discography-icon.png
6cc8007614a557fe7009ddb3d63327130069ac39-tome.png
6d5fa38484aa15db329b9f86eeb6b98545277b20-Pictures-icon.png
6f49c816c21a39a0229a07c7161bb50681a382f3-icon_5aZMXIN.png
703f05eba08510dc34016f76fff1124849a571fa-saoxlogo.png
7172c35f9999131b024d7239ed874cbf2229bf79-shotcut-logo-256x256_1.png
72aa7b94db7dc6f9217a8794fd08de04324026a3-spt256.png
747a05759313a8db1610a6a873df48bd4c74a843-eog.png
7a8133f078bf5350df0d56a8d7c53f03c0854d78-shattered-pixel-dungeon.png
7ac77d66878d76986ac510bd4c0fb93b4d1d3332-micropolis.png
80f00cf6776978a1b530f5cb0df8f1b1d1f02023-icon_s4HbwJl.png
830e5e1c9d02cee5b9d99dbf249466810e517fad-icon_app256_6.png
83267b3de217f604ff2a32b97023afc0ed6ded38-icon.svg_1.png
84b8a33b3de6fb9661a282170e9523fc36cd135d-htslogo_256x256.png
8638f0eb382cd9756cff50de3eb44273e1cf184c-codium_blue_light.png
866d0ad06bd38b2ca7f1344ac0aca6d373ba66ff-deadbeef_logo.png
87b9161d12dcafb45a174744e27b481236d0e6ad-warzone2100.large.png
895068db1063e82ec50be18cf63a9bd782415da0-dosbox-x.png
8fa58b36f4ea830fd454c9adce9213417c9b3edf-Logo_Dropbox.png
934d15b554644f1b204ddad21c7ed8a8195fd741-sdlpop.png
9a2416be9513b0183e00ef958e0c8d38892b1109-mars-256_etORXwv.png
9ba2bfe4304423cb2f213466e2be1f1cc5112a18-256x256_1.png
9bd5805edd619f40eab375e7b7a0cee31aec827e-256x256.png
9c20a5b19e23bbcde372312801683dfebc671c28-Blue-Rounded-512.png
9ccc148c89267997824268c0cfc8566058708ba5-cumulonimbus.png
9d08d2edd2ff8ec1864fdf26ec59075c864000a4-banner-icon.png
9ea65409a2badb433cfed68f01cce6c4bdc41d08-icon_5.png
a0b064853b9c7c21e395f8d25649307f74eb52ee-gallery_4_9_63565.png
a1bad5345f7d8ab427ad15f1c543b3457e2177cf-kapman.png
a1cac3c7e6b42016b6803217f6de13632ef004ec-mkvtoolnix_logo.png
a381fc993ef1016d7b8f5814ffd48c61d59ec154-512x512.png
a48d9a08b9b13c151800f9d65edbb62e76e8e47c-icon.svg_4.png
a51773b4002aaa3f31e474ddc825c120402b1175-zzt_256a.png
a5c5cb309634811cb83badeb53dc5dc4b34ec529-icon.svg_RcVGnxA.png
a692076eb30220f3fa07ec1c02ea98aea89ac95f-granatier.svg.png
a6c07cc292eaa2d52b15a054d8ec4b89dbe27109-kwave_LKlRQMU.png
b1907f91ef077f7f96f5eef1c25527c6fd366395-klines.png
b38975c2b6a8f6a166f856ff828ab0e276916e69-colorpicker-black256px.png
b76c939b5187194e1abf0979b9642bd4c08eca01-auryo.png
b83e8a3dcef3233daa2642171f8fb567092db4c0-icon_m5plxT3.png
ba2740d47e8cf02e2f3a4f1583c3f946e5c18df8-foobar2000.png
bb09826e06999e558434b7f8b0cc2f13ac0fc275-256-GTK_logo.png
bc1e57a1acf9b0cc82d290d829340e4b37ff5f7e-favicon.png
c0cac08604a88607cc63b6dbf459dcc422c5c729-codebreakers.png
c466e294f5ddf50c76ee063a30493a655ceb4ec9-kbreakout.svg.png
c94ae1ff0cd77d94a6ae1505e04bf6b6e23f688f-webcam.png
c99f277e3dd19157483ddfc205b82d95021329b9-openra.png
cb3d51cf0504b6dbb24e943a2f0c2c58e5b1fde8-kmines.png
d493e28662e0546604baa810c06a1f9ff03b0705-ksudoku.png
d5ed487a072f15133eb5f8f12df6d25e4d0a4677-transitions256.png
d70c34d85dc5cb7b38c39f1f3a9b03fc4877068f-ffmpeg_LvkKa6R.png
d921c79c2a5f6a5cd92846701bcb693ac2799031-livetuner.png
daa12f6b881cba67f77fc5e4810b21d798d22c33-icon-circle.png
dbf3bc9d1a83f1230a7c6ac361b2785f655ca075-ksnakeduel_Tm67e6C.png
dc7169d1c6b74c7e730cfccc622f8fafa0861b9d-discord.png
dea56864b753381987084f5e028e8b73e9722716-xonotic_256x.png
defc628690059e0b1e4082017c13270505d25cf0-icon_XdsF8vs.png
e3d3d8228832228de1de31c932856a50855af24e-podpublish.png
e55e08cc0c673511e8027cf01b6078046e434b1a-icon_dark.ico.png
e8647a66f31dd36c03197f7049d906f7d2ac1a4f-icon_hbijlIh.png
e869627a7b90632cc1c4b25b9bab047be148bc8e-Snapcraft_256x256.png
e9bdadf077ea48bc123ee3272fd48428bdca3860-128-apps-kfourinline.png
ee935120375b538e93f7489ed7288d1ad6375b75-inkscape.png
efefb4b7836a10162c7c5b9134beac5451a5c838-tmnationsforever.png
f0be78cfcfacf981acfc7ba2cbababfabd2e74ed-music_icon-24.svg.png
f0fd7a34e8a0054aafb85f41457372103821e25b-gpmdp.png
f23ae18dca3cf4a51d97785fce734b24daf3cf28-duckmarines.png
f4a9ce7c5f1c1532ae61e4529cb7769fa02847cb-all-remixes-icon-512.png
f53de11b2ed4541d9b5ebddbbd696756d588cfeb-oh-my-giraffe_256.png
f56a3bd07fdfc47d762f2132aa4b8d3ab0ef5692-freac-256x256.png
f9ae1fb5dec311e7d0c6771c2ee10ca3f6265ad0-clementine.png
registry.x86_64.bin
ads-track-digest256.sbstore
ads-track-digest256.vlpset
allow-flashallow-digest256.sbstore
allow-flashallow-digest256.vlpset
analytics-track-digest256.sbstore
analytics-track-digest256.vlpset
base-cryptomining-track-digest256.sbstore
base-cryptomining-track-digest256.vlpset
base-fingerprinting-track-digest256.sbstore
base-fingerprinting-track-digest256.vlpset
block-flash-digest256.sbstore
block-flash-digest256.vlpset
block-flashsubdoc-digest256.sbstore
block-flashsubdoc-digest256.vlpset
content-track-digest256.sbstore
content-track-digest256.vlpset
except-flashallow-digest256.sbstore
except-flashallow-digest256.vlpset
except-flash-digest256.sbstore
except-flash-digest256.vlpset
except-flashsubdoc-digest256.sbstore
except-flashsubdoc-digest256.vlpset
google-trackwhite-digest256.sbstore
google-trackwhite-digest256.vlpset
mozplugin-block-digest256.sbstore
mozplugin-block-digest256.vlpset
mozstd-trackwhite-digest256.sbstore
mozstd-trackwhite-digest256.vlpset
social-track-digest256.sbstore
social-track-digest256.vlpset
social-tracking-protection-facebook-digest256.sbstore
social-tracking-protection-facebook-digest256.vlpset
social-tracking-protection-linkedin-digest256.sbstore
social-tracking-protection-linkedin-digest256.vlpset
social-tracking-protection-twitter-digest256.sbstore
social-tracking-protection-twitter-digest256.vlpset
startupCache.8.little
webext.sc.lz4
7c27e0a3e1ba29183af76ea17d293660.png
startupCache.8.little
webext.sc.lz4
ubuntu.18.04
b7dcb1a30b9840e994d0aa8f7a24ec4c-card-database.tdb
b7dcb1a30b9840e994d0aa8f7a24ec4c-device-volumes.tdb
b7dcb1a30b9840e994d0aa8f7a24ec4c-stream-volumes.tdb
test2.txt
test2.txt
test2.txt
test2.txt
test2.txt
test2.txt
home-d5f25808.log
root-559e73ca.log
Xorg.0.log
Xorg.0.log.old
Xorg.1.log
addonStartup.json.lz4
cert9.db
key4.db
pkcs11.txt
search.json.mozlz4
bookmarks-2020-03-29_16_bQY8LHhbDALKcf72PXlhWQ==.jsonlz4
store.json.mozlz4
gmpopenh264.info
libgmpopenh264.so
recovery.jsonlz4
.metadata-v2
3647222921wleabcEoxlt-eengsairo.sqlite
.metadata-v2
1657114595AmcateirvtiSty.sqlite
1657114595AmcateirvtiSty.sqlite-wal
2918063365piupsah.sqlite
3561288849sdhlie.sqlite
3870112724rsegmnoittet-es.sqlite
addonStartup.json.lz4
cert9.db
key4.db
pkcs11.txt
search.json.mozlz4
.metadata-v2
3870112724rsegmnoittet-es.sqlite
