#!/bin/bash
##Task 4.11.1
echo
echo ===========
echo "Task 4.11.1. Files bigger than 20Mb in /usr:"
find /usr -type f -size +20M

===========
Task 4.11.1. Files bigger than 20Mb in /usr:
/usr/lib/gcc/x86_64-linux-gnu/7/cc1
/usr/lib/firefox/libxul.so
/usr/lib/firefox/browser/omni.ja
/usr/lib/firefox/omni.ja
/usr/lib/thunderbird/libxul.so
/usr/lib/thunderbird/omni.ja
/usr/lib/libreoffice/program/libmergedlo.so
/usr/lib/x86_64-linux-gnu/libicudata.so.60.2
/usr/lib/x86_64-linux-gnu/libLLVM-9.so.1
/usr/lib/x86_64-linux-gnu/libLLVM-6.0.so.1
/usr/lib/x86_64-linux-gnu/libwebkit2gtk-4.0.so.37.39.5
/usr/lib/x86_64-linux-gnu/libmozjs-52.so.0.0.0
/usr/share/fonts/opentype/noto/NotoSerifCJK-Regular.ttc
/usr/share/fonts/opentype/noto/NotoSerifCJK-Bold.ttc
