#!/bin/bash
##Task 4.11.6
echo ================
if [ $# -lt 2 ];then
	echo "Input at least 2 arguments:"
	echo "$0 text file [#rows]"
	exit 1
fi
text=$1;file=$2;n=1
if [ -z $3 ]; then maxrows=0; else maxrows=$3; fi
echo "4.11.6 output:"
grep "$text" $file | sort -r | while read -r row
do
	echo "$n: $row"
	if [ $n -eq $maxrows ];	then break; fi
        (( n++ ))
done; exit 0
================
Input at least 2 arguments:
/home/danylenko/tmp/scripts/4116.sh text file [#rows]
================
4.11.6 output:
1: echo "$n: $row"
2: echo "Input at least 2 arguments:"
3: echo "4.11.6 output:"
4: echo "$0 text file [#rows]"
5: echo ================
================
4.11.6 output:
1: echo "$n: $row"
2: echo "Input at least 2 arguments:"
3: echo "4.11.6 output:"
